2022-10-02 23:19:14,902  INFO [TestNG-test=Test-2] Sauce_Demo_Mavan:38 - Browser is open
2022-10-02 23:19:15,915  INFO [TestNG-test=Test-1] Sauce_Demo_Mavan:38 - Browser is open
2022-10-02 23:19:17,295  INFO [TestNG-test=Test-3] Sauce_Demo_Mavan:38 - Browser is open
2022-10-02 23:19:19,089  INFO [TestNG-test=Test-2] Sauce_Demo_Mavan:45 - Enter Username
2022-10-02 23:19:19,249  INFO [TestNG-test=Test-2] Sauce_Demo_Mavan:48 - Enter password
2022-10-02 23:19:19,626  INFO [TestNG-test=Test-1] Sauce_Demo_Mavan:45 - Enter Username
2022-10-02 23:19:19,692  INFO [TestNG-test=Test-2] Sauce_Demo_Mavan:51 - click on Login Button
2022-10-02 23:19:19,966  INFO [TestNG-test=Test-1] Sauce_Demo_Mavan:48 - Enter password
2022-10-02 23:19:20,364  INFO [TestNG-test=Test-1] Sauce_Demo_Mavan:51 - click on Login Button
2022-10-02 23:19:20,450  INFO [TestNG-test=Test-2] Sauce_Demo_Mavan:16 - click on filter button
2022-10-02 23:19:20,775  INFO [TestNG-test=Test-1] Sauce_Demo_Mavan:17 - add one product in add to cart
2022-10-02 23:19:20,796  INFO [TestNG-test=Test-2] Sauce_Demo_Mavan:60 - click on Main Menu
2022-10-02 23:19:20,902  INFO [TestNG-test=Test-1] Sauce_Demo_Mavan:22 - apply validation
2022-10-02 23:19:21,063  INFO [TestNG-test=Test-2] Sauce_Demo_Mavan:63 - click on LogOut Button
2022-10-02 23:19:21,244  INFO [TestNG-test=Test-3] Sauce_Demo_Mavan:45 - Enter Username
2022-10-02 23:19:21,299  INFO [TestNG-test=Test-1] Sauce_Demo_Mavan:60 - click on Main Menu
2022-10-02 23:19:21,512  INFO [TestNG-test=Test-3] Sauce_Demo_Mavan:48 - Enter password
2022-10-02 23:19:21,838  INFO [TestNG-test=Test-3] Sauce_Demo_Mavan:51 - click on Login Button
2022-10-02 23:19:22,018  INFO [TestNG-test=Test-1] Sauce_Demo_Mavan:63 - click on LogOut Button
2022-10-02 23:19:22,631  INFO [TestNG-test=Test-2] Sauce_Demo_Mavan:65 - Closed Browser
2022-10-02 23:19:22,813  INFO [TestNG-test=Test-3] Sauce_Demo_Mavan:16 - Add all products in cart
2022-10-02 23:19:22,863  INFO [TestNG-test=Test-3] Sauce_Demo_Mavan:22 - Apply validation
2022-10-02 23:19:22,952  INFO [TestNG-test=Test-1] Sauce_Demo_Mavan:65 - Closed Browser
2022-10-02 23:19:23,121  INFO [TestNG-test=Test-3] Sauce_Demo_Mavan:60 - click on Main Menu
2022-10-02 23:19:23,265  INFO [TestNG-test=Test-3] Sauce_Demo_Mavan:63 - click on LogOut Button
2022-10-02 23:19:24,636  INFO [TestNG-test=Test-3] Sauce_Demo_Mavan:65 - Closed Browser
2022-10-02 23:19:27,098  INFO [TestNG-test=Test-2] Sauce_Demo_Mavan:38 - Browser is open
2022-10-02 23:19:27,784  INFO [TestNG-test=Test-1] Sauce_Demo_Mavan:38 - Browser is open
2022-10-02 23:19:30,499  INFO [TestNG-test=Test-3] Sauce_Demo_Mavan:38 - Browser is open
2022-10-02 23:19:31,014  INFO [TestNG-test=Test-2] Sauce_Demo_Mavan:45 - Enter Username
2022-10-02 23:19:31,268  INFO [TestNG-test=Test-2] Sauce_Demo_Mavan:48 - Enter password
2022-10-02 23:19:31,355  INFO [TestNG-test=Test-1] Sauce_Demo_Mavan:45 - Enter Username
2022-10-02 23:19:31,562  INFO [TestNG-test=Test-2] Sauce_Demo_Mavan:51 - click on Login Button
2022-10-02 23:19:31,579  INFO [TestNG-test=Test-1] Sauce_Demo_Mavan:48 - Enter password
2022-10-02 23:19:31,905  INFO [TestNG-test=Test-2] Sauce_Demo_Mavan:17 - add one product in add to cart
2022-10-02 23:19:31,981  INFO [TestNG-test=Test-1] Sauce_Demo_Mavan:51 - click on Login Button
2022-10-02 23:19:32,027  INFO [TestNG-test=Test-1] Sauce_Demo_Mavan:13 - Get Actual Title
2022-10-02 23:19:32,124  INFO [TestNG-test=Test-2] Sauce_Demo_Mavan:20 - click on cart
2022-10-02 23:19:32,294  INFO [TestNG-test=Test-2] Sauce_Demo_Mavan:24 - click on check out button
2022-10-02 23:19:32,324  INFO [TestNG-test=Test-1] Sauce_Demo_Mavan:60 - click on Main Menu
2022-10-02 23:19:32,516  INFO [TestNG-test=Test-1] Sauce_Demo_Mavan:63 - click on LogOut Button
2022-10-02 23:19:32,567  INFO [TestNG-test=Test-2] Sauce_Demo_Mavan:27 - Enter First name
2022-10-02 23:19:32,814  INFO [TestNG-test=Test-2] Sauce_Demo_Mavan:30 - Enter Last name
2022-10-02 23:19:33,010  INFO [TestNG-test=Test-2] Sauce_Demo_Mavan:33 - Enter Pincode
2022-10-02 23:19:33,184  INFO [TestNG-test=Test-2] Sauce_Demo_Mavan:36 - continue checkout
2022-10-02 23:19:33,358  INFO [TestNG-test=Test-2] Sauce_Demo_Mavan:39 - click on finish check out
2022-10-02 23:19:33,492  INFO [TestNG-test=Test-2] Sauce_Demo_Mavan:42 - back to home page
2022-10-02 23:19:33,569  INFO [TestNG-test=Test-1] Sauce_Demo_Mavan:65 - Closed Browser
2022-10-02 23:19:33,698  INFO [TestNG-test=Test-3] Sauce_Demo_Mavan:45 - Enter Username
2022-10-02 23:19:33,897  INFO [TestNG-test=Test-3] Sauce_Demo_Mavan:48 - Enter password
2022-10-02 23:19:34,038  INFO [TestNG-test=Test-2] Sauce_Demo_Mavan:47 - Apply validation
2022-10-02 23:19:34,150  INFO [TestNG-test=Test-3] Sauce_Demo_Mavan:51 - click on Login Button
2022-10-02 23:19:34,393  INFO [TestNG-test=Test-3] Sauce_Demo_Mavan:17 - add one product in add to cart
2022-10-02 23:19:34,615  INFO [TestNG-test=Test-2] Sauce_Demo_Mavan:60 - click on Main Menu
2022-10-02 23:19:34,995  INFO [TestNG-test=Test-3] Sauce_Demo_Mavan:19 - click on cart button
2022-10-02 23:19:35,310  INFO [TestNG-test=Test-3] Sauce_Demo_Mavan:22 - click on remove product from cart
2022-10-02 23:19:35,421  INFO [TestNG-test=Test-2] Sauce_Demo_Mavan:63 - click on LogOut Button
2022-10-02 23:19:35,671  INFO [TestNG-test=Test-3] Sauce_Demo_Mavan:26 - click on continue shopping
2022-10-02 23:19:35,920  INFO [TestNG-test=Test-3] Sauce_Demo_Mavan:29 - Get the title of page
2022-10-02 23:19:35,921  INFO [TestNG-test=Test-3] Sauce_Demo_Mavan:31 - Apply the validation
2022-10-02 23:19:36,332  INFO [TestNG-test=Test-3] Sauce_Demo_Mavan:60 - click on Main Menu
2022-10-02 23:19:36,491  INFO [TestNG-test=Test-3] Sauce_Demo_Mavan:63 - click on LogOut Button
2022-10-02 23:19:37,502  INFO [TestNG-test=Test-2] Sauce_Demo_Mavan:65 - Closed Browser
2022-10-02 23:19:37,839  INFO [TestNG-test=Test-3] Sauce_Demo_Mavan:65 - Closed Browser
2022-10-02 23:19:37,981  INFO [TestNG-test=Test-1] Sauce_Demo_Mavan:38 - Browser is open
2022-10-02 23:19:39,155  INFO [TestNG-test=Test-1] Sauce_Demo_Mavan:45 - Enter Username
2022-10-02 23:19:39,288  INFO [TestNG-test=Test-1] Sauce_Demo_Mavan:48 - Enter password
2022-10-02 23:19:39,465  INFO [TestNG-test=Test-1] Sauce_Demo_Mavan:51 - click on Login Button
2022-10-02 23:19:39,614  INFO [TestNG-test=Test-1] Sauce_Demo_Mavan:15 - add one product in add to cart
2022-10-02 23:19:39,724  INFO [TestNG-test=Test-1] Sauce_Demo_Mavan:18 - click on cart
2022-10-02 23:19:39,840  INFO [TestNG-test=Test-1] Sauce_Demo_Mavan:22 - click on check out button
2022-10-02 23:19:39,990  INFO [TestNG-test=Test-1] Sauce_Demo_Mavan:25 - Enter First name
2022-10-02 23:19:40,116  INFO [TestNG-test=Test-1] Sauce_Demo_Mavan:28 - Enter Last name
2022-10-02 23:19:40,251  INFO [TestNG-test=Test-1] Sauce_Demo_Mavan:31 - Enter Pincode
2022-10-02 23:19:40,376  INFO [TestNG-test=Test-1] Sauce_Demo_Mavan:34 - continue checkout
2022-10-02 23:19:40,517  INFO [TestNG-test=Test-1] Sauce_Demo_Mavan:37 - cancel checkout overview info
2022-10-02 23:19:41,171  INFO [TestNG-test=Test-1] Sauce_Demo_Mavan:60 - click on Main Menu
2022-10-02 23:49:38,328  INFO [TestNG-test=Test-3] Sauce_Demo_Mavan:38 - Browser is open
2022-10-02 23:49:38,495  INFO [TestNG-test=Test-1] Sauce_Demo_Mavan:38 - Browser is open
2022-10-02 23:49:38,627  INFO [TestNG-test=Test-2] Sauce_Demo_Mavan:38 - Browser is open
2022-10-02 23:49:43,402  INFO [TestNG-test=Test-2] Sauce_Demo_Mavan:45 - Enter Username
2022-10-02 23:49:43,421  INFO [TestNG-test=Test-3] Sauce_Demo_Mavan:45 - Enter Username
2022-10-02 23:49:43,430  INFO [TestNG-test=Test-1] Sauce_Demo_Mavan:45 - Enter Username
2022-10-02 23:49:43,669  INFO [TestNG-test=Test-3] Sauce_Demo_Mavan:48 - Enter password
2022-10-02 23:49:43,699  INFO [TestNG-test=Test-2] Sauce_Demo_Mavan:48 - Enter password
2022-10-02 23:49:43,717  INFO [TestNG-test=Test-1] Sauce_Demo_Mavan:48 - Enter password
2022-10-02 23:49:45,097  INFO [TestNG-test=Test-3] Sauce_Demo_Mavan:51 - click on Login Button
2022-10-02 23:49:45,274  INFO [TestNG-test=Test-2] Sauce_Demo_Mavan:51 - click on Login Button
2022-10-02 23:49:45,302  INFO [TestNG-test=Test-1] Sauce_Demo_Mavan:51 - click on Login Button
2022-10-02 23:49:46,991  INFO [TestNG-test=Test-1] Sauce_Demo_Mavan:21 - add one product in add to cart
2022-10-02 23:49:47,955  INFO [TestNG-test=Test-1] Sauce_Demo_Mavan:60 - click on Main Menu
2022-10-02 23:49:48,184  INFO [TestNG-test=Test-1] Sauce_Demo_Mavan:63 - click on LogOut Button
2022-10-02 23:49:49,597  INFO [TestNG-test=Test-3] Sauce_Demo_Mavan:20 - Add all products in cart
2022-10-02 23:49:49,670  INFO [TestNG-test=Test-2] Sauce_Demo_Mavan:60 - click on Main Menu
2022-10-02 23:49:49,836  INFO [TestNG-test=Test-3] Sauce_Demo_Mavan:60 - click on Main Menu
2022-10-02 23:49:50,233  INFO [TestNG-test=Test-3] Sauce_Demo_Mavan:63 - click on LogOut Button
2022-10-02 23:49:50,776  INFO [TestNG-test=Test-2] Sauce_Demo_Mavan:63 - click on LogOut Button
2022-10-02 23:49:56,487  INFO [TestNG-test=Test-2] Sauce_Demo_Mavan:65 - Closed Browser
2022-10-02 23:49:56,681  INFO [TestNG-test=Test-3] Sauce_Demo_Mavan:65 - Closed Browser
2022-10-02 23:49:56,709  INFO [TestNG-test=Test-1] Sauce_Demo_Mavan:65 - Closed Browser
2022-10-02 23:50:03,197  INFO [TestNG-test=Test-2] Sauce_Demo_Mavan:38 - Browser is open
2022-10-02 23:50:03,645  INFO [TestNG-test=Test-1] Sauce_Demo_Mavan:38 - Browser is open
2022-10-02 23:50:04,302  INFO [TestNG-test=Test-3] Sauce_Demo_Mavan:38 - Browser is open
2022-10-02 23:50:04,963  INFO [TestNG-test=Test-2] Sauce_Demo_Mavan:45 - Enter Username
2022-10-02 23:50:05,161  INFO [TestNG-test=Test-2] Sauce_Demo_Mavan:48 - Enter password
2022-10-02 23:50:05,601  INFO [TestNG-test=Test-2] Sauce_Demo_Mavan:51 - click on Login Button
2022-10-02 23:50:06,044  INFO [TestNG-test=Test-1] Sauce_Demo_Mavan:45 - Enter Username
2022-10-02 23:50:06,081  INFO [TestNG-test=Test-2] Sauce_Demo_Mavan:60 - click on Main Menu
2022-10-02 23:50:06,314  INFO [TestNG-test=Test-1] Sauce_Demo_Mavan:48 - Enter password
2022-10-02 23:50:06,622  INFO [TestNG-test=Test-1] Sauce_Demo_Mavan:51 - click on Login Button
2022-10-02 23:50:06,876  INFO [TestNG-test=Test-1] Sauce_Demo_Mavan:21 - add one product in add to cart
2022-10-02 23:50:07,033  INFO [TestNG-test=Test-2] Sauce_Demo_Mavan:63 - click on LogOut Button
2022-10-02 23:50:07,098  INFO [TestNG-test=Test-1] Sauce_Demo_Mavan:23 - click on cart button
2022-10-02 23:50:07,386  INFO [TestNG-test=Test-3] Sauce_Demo_Mavan:45 - Enter Username
2022-10-02 23:50:07,608  INFO [TestNG-test=Test-3] Sauce_Demo_Mavan:48 - Enter password
2022-10-02 23:50:07,832  INFO [TestNG-test=Test-3] Sauce_Demo_Mavan:51 - click on Login Button
2022-10-02 23:50:07,898  INFO [TestNG-test=Test-3] Sauce_Demo_Mavan:17 - Get Actual Title
2022-10-02 23:50:08,079  INFO [TestNG-test=Test-3] Sauce_Demo_Mavan:60 - click on Main Menu
2022-10-02 23:50:08,146  INFO [TestNG-test=Test-2] Sauce_Demo_Mavan:65 - Closed Browser
2022-10-02 23:50:12,777  INFO [TestNG-test=Test-1] Sauce_Demo_Mavan:38 - Browser is open
2022-10-02 23:50:15,606  INFO [TestNG-test=Test-1] Sauce_Demo_Mavan:45 - Enter Username
2022-10-02 23:50:15,857  INFO [TestNG-test=Test-1] Sauce_Demo_Mavan:48 - Enter password
2022-10-02 23:50:16,200  INFO [TestNG-test=Test-1] Sauce_Demo_Mavan:51 - click on Login Button
2022-10-02 23:50:16,494  INFO [TestNG-test=Test-1] Sauce_Demo_Mavan:19 - add one product in add to cart
2022-10-02 23:50:16,715  INFO [TestNG-test=Test-1] Sauce_Demo_Mavan:22 - click on cart
2022-10-02 23:50:16,856  INFO [TestNG-test=Test-1] Sauce_Demo_Mavan:26 - click on check out button
2022-10-02 23:50:17,021  INFO [TestNG-test=Test-1] Sauce_Demo_Mavan:29 - Enter First name
2022-10-02 23:50:17,173  INFO [TestNG-test=Test-1] Sauce_Demo_Mavan:32 - Enter Last name
2022-10-02 23:50:17,316  INFO [TestNG-test=Test-1] Sauce_Demo_Mavan:35 - Enter Pincode
2022-10-02 23:51:46,206  INFO [TestNG-test=Test-3] Sauce_Demo_Mavan:38 - Browser is open
2022-10-02 23:51:46,475  INFO [TestNG-test=Test-2] Sauce_Demo_Mavan:38 - Browser is open
2022-10-02 23:51:46,481  INFO [TestNG-test=Test-1] Sauce_Demo_Mavan:38 - Browser is open
2022-10-02 23:51:58,382  INFO [TestNG-test=Test-3] Sauce_Demo_Mavan:45 - Enter Username
2022-10-02 23:51:58,408  INFO [TestNG-test=Test-2] Sauce_Demo_Mavan:45 - Enter Username
2022-10-02 23:51:58,389  INFO [TestNG-test=Test-1] Sauce_Demo_Mavan:45 - Enter Username
2022-10-02 23:51:58,732  INFO [TestNG-test=Test-3] Sauce_Demo_Mavan:48 - Enter password
2022-10-02 23:51:58,771  INFO [TestNG-test=Test-2] Sauce_Demo_Mavan:48 - Enter password
2022-10-02 23:51:58,788  INFO [TestNG-test=Test-1] Sauce_Demo_Mavan:48 - Enter password
2022-10-02 23:51:59,085  INFO [TestNG-test=Test-3] Sauce_Demo_Mavan:51 - click on Login Button
2022-10-02 23:51:59,151  INFO [TestNG-test=Test-1] Sauce_Demo_Mavan:51 - click on Login Button
2022-10-02 23:51:59,176  INFO [TestNG-test=Test-2] Sauce_Demo_Mavan:51 - click on Login Button
2022-10-02 23:52:02,264  INFO [TestNG-test=Test-3] Sauce_Demo_Mavan:20 - Add all products in cart
2022-10-02 23:52:03,138  INFO [TestNG-test=Test-3] Sauce_Demo_Mavan:60 - click on Main Menu
2022-10-02 23:52:03,374  INFO [TestNG-test=Test-3] Sauce_Demo_Mavan:63 - click on LogOut Button
2022-10-02 23:52:10,612  INFO [TestNG-test=Test-2] Sauce_Demo_Mavan:60 - click on Main Menu
2022-10-02 23:52:28,553  INFO [TestNG-test=Test-2] Sauce_Demo_Mavan:38 - Browser is open
2022-10-02 23:52:31,842  INFO [TestNG-test=Test-2] Sauce_Demo_Mavan:45 - Enter Username
2022-10-02 23:52:31,994  INFO [TestNG-test=Test-2] Sauce_Demo_Mavan:48 - Enter password
2022-10-02 23:52:32,173  INFO [TestNG-test=Test-2] Sauce_Demo_Mavan:51 - click on Login Button
2022-10-02 23:52:32,457  INFO [TestNG-test=Test-2] Sauce_Demo_Mavan:60 - click on Main Menu
2022-10-02 23:52:32,615  INFO [TestNG-test=Test-2] Sauce_Demo_Mavan:63 - click on LogOut Button
2022-10-02 23:52:34,150  INFO [TestNG-test=Test-2] Sauce_Demo_Mavan:65 - Closed Browser
2022-10-02 23:52:40,174  INFO [TestNG-test=Test-2] Sauce_Demo_Mavan:38 - Browser is open
2022-10-02 23:52:45,570  INFO [TestNG-test=Test-2] Sauce_Demo_Mavan:45 - Enter Username
2022-10-02 23:52:45,718  INFO [TestNG-test=Test-2] Sauce_Demo_Mavan:48 - Enter password
2022-10-02 23:52:45,895  INFO [TestNG-test=Test-2] Sauce_Demo_Mavan:51 - click on Login Button
2022-10-02 23:52:45,923  INFO [TestNG-test=Test-2] Sauce_Demo_Mavan:17 - Get Actual Title
2022-10-02 23:52:46,078  INFO [TestNG-test=Test-2] Sauce_Demo_Mavan:60 - click on Main Menu
2022-10-02 23:52:52,878  INFO [TestNG-test=Test-2] Sauce_Demo_Mavan:38 - Browser is open
2022-10-02 23:53:02,218  INFO [TestNG-test=Test-2] Sauce_Demo_Mavan:45 - Enter Username
2022-10-02 23:53:02,355  INFO [TestNG-test=Test-2] Sauce_Demo_Mavan:48 - Enter password
2022-10-02 23:53:02,536  INFO [TestNG-test=Test-2] Sauce_Demo_Mavan:51 - click on Login Button
2022-10-02 23:53:02,683  INFO [TestNG-test=Test-2] Sauce_Demo_Mavan:21 - add one product in add to cart
2022-10-02 23:53:02,796  INFO [TestNG-test=Test-2] Sauce_Demo_Mavan:23 - click on cart button
2022-10-02 23:53:04,616  INFO [TestNG-test=Test-3] Sauce_Demo_Mavan:65 - Closed Browser
2022-10-02 23:53:10,321  INFO [TestNG-test=Test-2] Sauce_Demo_Mavan:38 - Browser is open
2022-10-02 23:53:13,287  INFO [TestNG-test=Test-2] Sauce_Demo_Mavan:45 - Enter Username
2022-10-02 23:53:13,463  INFO [TestNG-test=Test-2] Sauce_Demo_Mavan:48 - Enter password
2022-10-02 23:53:13,668  INFO [TestNG-test=Test-2] Sauce_Demo_Mavan:51 - click on Login Button
2022-10-02 23:53:13,823  INFO [TestNG-test=Test-2] Sauce_Demo_Mavan:19 - add one product in add to cart
2022-10-02 23:53:14,271  INFO [TestNG-test=Test-2] Sauce_Demo_Mavan:22 - click on cart
2022-10-02 23:53:14,443  INFO [TestNG-test=Test-2] Sauce_Demo_Mavan:26 - click on check out button
2022-10-02 23:53:14,595  INFO [TestNG-test=Test-2] Sauce_Demo_Mavan:29 - Enter First name
2022-10-02 23:53:14,732  INFO [TestNG-test=Test-2] Sauce_Demo_Mavan:32 - Enter Last name
2022-10-02 23:53:14,870  INFO [TestNG-test=Test-2] Sauce_Demo_Mavan:35 - Enter Pincode
2022-10-02 23:53:23,223  INFO [TestNG-test=Test-1] Sauce_Demo_Mavan:21 - add one product in add to cart
2022-10-02 23:53:23,550  INFO [TestNG-test=Test-1] Sauce_Demo_Mavan:60 - click on Main Menu
2022-10-02 23:53:23,702  INFO [TestNG-test=Test-1] Sauce_Demo_Mavan:63 - click on LogOut Button
2022-10-02 23:53:27,387  INFO [TestNG-test=Test-1] Sauce_Demo_Mavan:65 - Closed Browser
2022-10-02 23:55:59,531  INFO [TestNG-test=Test-3] Sauce_Demo_Mavan:38 - Browser is open
2022-10-02 23:55:59,531  INFO [TestNG-test=Test-1] Sauce_Demo_Mavan:38 - Browser is open
2022-10-02 23:56:00,672  INFO [TestNG-test=Test-2] Sauce_Demo_Mavan:38 - Browser is open
2022-10-02 23:56:02,019  INFO [TestNG-test=Test-1] Sauce_Demo_Mavan:45 - Enter Username
2022-10-02 23:56:02,237  INFO [TestNG-test=Test-1] Sauce_Demo_Mavan:48 - Enter password
2022-10-02 23:56:02,582  INFO [TestNG-test=Test-1] Sauce_Demo_Mavan:51 - click on Login Button
2022-10-02 23:56:02,872  INFO [TestNG-test=Test-3] Sauce_Demo_Mavan:45 - Enter Username
2022-10-02 23:56:02,902  INFO [TestNG-test=Test-2] Sauce_Demo_Mavan:45 - Enter Username
2022-10-02 23:56:02,956  INFO [TestNG-test=Test-1] Sauce_Demo_Mavan:21 - add one product in add to cart
2022-10-02 23:56:03,140  INFO [TestNG-test=Test-2] Sauce_Demo_Mavan:48 - Enter password
2022-10-02 23:56:03,267  INFO [TestNG-test=Test-3] Sauce_Demo_Mavan:48 - Enter password
2022-10-02 23:56:03,472  INFO [TestNG-test=Test-2] Sauce_Demo_Mavan:51 - click on Login Button
2022-10-02 23:56:03,803  INFO [TestNG-test=Test-3] Sauce_Demo_Mavan:51 - click on Login Button
2022-10-02 23:56:04,394  INFO [TestNG-test=Test-2] Sauce_Demo_Mavan:60 - click on Main Menu
2022-10-02 23:56:04,458  INFO [TestNG-test=Test-1] Sauce_Demo_Mavan:60 - click on Main Menu
2022-10-02 23:56:04,658  INFO [TestNG-test=Test-2] Sauce_Demo_Mavan:63 - click on LogOut Button
2022-10-02 23:56:05,532  INFO [TestNG-test=Test-1] Sauce_Demo_Mavan:63 - click on LogOut Button
2022-10-02 23:56:05,818  INFO [TestNG-test=Test-3] Sauce_Demo_Mavan:20 - Add all products in cart
2022-10-02 23:56:06,007  INFO [TestNG-test=Test-3] Sauce_Demo_Mavan:60 - click on Main Menu
2022-10-02 23:56:06,083  INFO [TestNG-test=Test-2] Sauce_Demo_Mavan:65 - Closed Browser
2022-10-02 23:56:06,535  INFO [TestNG-test=Test-1] Sauce_Demo_Mavan:65 - Closed Browser
2022-10-02 23:56:11,932  INFO [TestNG-test=Test-2] Sauce_Demo_Mavan:38 - Browser is open
2022-10-02 23:56:12,449  INFO [TestNG-test=Test-3] Sauce_Demo_Mavan:38 - Browser is open
2022-10-02 23:56:14,334  INFO [TestNG-test=Test-2] Sauce_Demo_Mavan:45 - Enter Username
2022-10-02 23:56:14,715  INFO [TestNG-test=Test-1] Sauce_Demo_Mavan:38 - Browser is open
2022-10-02 23:56:15,079  INFO [TestNG-test=Test-2] Sauce_Demo_Mavan:48 - Enter password
2022-10-02 23:56:15,403  INFO [TestNG-test=Test-2] Sauce_Demo_Mavan:51 - click on Login Button
2022-10-02 23:56:16,038  INFO [TestNG-test=Test-3] Sauce_Demo_Mavan:45 - Enter Username
2022-10-02 23:56:16,460  INFO [TestNG-test=Test-3] Sauce_Demo_Mavan:48 - Enter password
2022-10-02 23:56:16,787  INFO [TestNG-test=Test-3] Sauce_Demo_Mavan:51 - click on Login Button
2022-10-02 23:56:16,827  INFO [TestNG-test=Test-3] Sauce_Demo_Mavan:17 - Get Actual Title
2022-10-02 23:56:17,076  INFO [TestNG-test=Test-3] Sauce_Demo_Mavan:60 - click on Main Menu
2022-10-02 23:56:17,224  INFO [TestNG-test=Test-3] Sauce_Demo_Mavan:63 - click on LogOut Button
2022-10-02 23:56:18,175  INFO [TestNG-test=Test-2] Sauce_Demo_Mavan:60 - click on Main Menu
2022-10-02 23:56:18,427  INFO [TestNG-test=Test-1] Sauce_Demo_Mavan:45 - Enter Username
2022-10-02 23:56:18,569  INFO [TestNG-test=Test-2] Sauce_Demo_Mavan:63 - click on LogOut Button
2022-10-02 23:56:18,609  INFO [TestNG-test=Test-1] Sauce_Demo_Mavan:48 - Enter password
2022-10-02 23:56:18,784  INFO [TestNG-test=Test-3] Sauce_Demo_Mavan:65 - Closed Browser
2022-10-02 23:56:18,821  INFO [TestNG-test=Test-1] Sauce_Demo_Mavan:51 - click on Login Button
2022-10-02 23:56:19,008  INFO [TestNG-test=Test-1] Sauce_Demo_Mavan:21 - add one product in add to cart
2022-10-02 23:56:19,112  INFO [TestNG-test=Test-1] Sauce_Demo_Mavan:23 - click on cart button
2022-10-02 23:56:20,417  INFO [TestNG-test=Test-2] Sauce_Demo_Mavan:65 - Closed Browser
2022-10-02 23:56:23,322  INFO [TestNG-test=Test-3] Sauce_Demo_Mavan:38 - Browser is open
2022-10-02 23:56:24,715  INFO [TestNG-test=Test-3] Sauce_Demo_Mavan:45 - Enter Username
2022-10-02 23:56:24,877  INFO [TestNG-test=Test-3] Sauce_Demo_Mavan:48 - Enter password
2022-10-02 23:56:25,133  INFO [TestNG-test=Test-3] Sauce_Demo_Mavan:51 - click on Login Button
2022-10-02 23:56:25,351  INFO [TestNG-test=Test-3] Sauce_Demo_Mavan:19 - add one product in add to cart
2022-10-02 23:56:25,528  INFO [TestNG-test=Test-3] Sauce_Demo_Mavan:22 - click on cart
2022-10-02 23:56:25,667  INFO [TestNG-test=Test-3] Sauce_Demo_Mavan:26 - click on check out button
2022-10-02 23:56:25,836  INFO [TestNG-test=Test-3] Sauce_Demo_Mavan:29 - Enter First name
2022-10-02 23:56:25,982  INFO [TestNG-test=Test-3] Sauce_Demo_Mavan:32 - Enter Last name
2022-10-02 23:56:26,154  INFO [TestNG-test=Test-3] Sauce_Demo_Mavan:35 - Enter Pincode
2022-10-02 23:57:51,575  INFO [TestNG-test=Test-3] Sauce_Demo_Mavan:38 - Browser is open
2022-10-02 23:57:51,727  INFO [TestNG-test=Test-2] Sauce_Demo_Mavan:38 - Browser is open
2022-10-02 23:57:52,060  INFO [TestNG-test=Test-1] Sauce_Demo_Mavan:38 - Browser is open
2022-10-02 23:57:54,241  INFO [TestNG-test=Test-2] Sauce_Demo_Mavan:45 - Enter Username
2022-10-02 23:57:54,426  INFO [TestNG-test=Test-2] Sauce_Demo_Mavan:48 - Enter password
2022-10-02 23:57:54,752  INFO [TestNG-test=Test-2] Sauce_Demo_Mavan:51 - click on Login Button
2022-10-02 23:57:55,019  INFO [TestNG-test=Test-3] Sauce_Demo_Mavan:45 - Enter Username
2022-10-02 23:57:55,166  INFO [TestNG-test=Test-1] Sauce_Demo_Mavan:45 - Enter Username
2022-10-02 23:57:55,288  INFO [TestNG-test=Test-3] Sauce_Demo_Mavan:48 - Enter password
2022-10-02 23:57:55,445  INFO [TestNG-test=Test-1] Sauce_Demo_Mavan:48 - Enter password
2022-10-02 23:57:55,721  INFO [TestNG-test=Test-3] Sauce_Demo_Mavan:51 - click on Login Button
2022-10-02 23:57:55,766  INFO [TestNG-test=Test-2] Sauce_Demo_Mavan:60 - click on Main Menu
2022-10-02 23:57:55,890  INFO [TestNG-test=Test-1] Sauce_Demo_Mavan:51 - click on Login Button
2022-10-02 23:57:55,949  INFO [TestNG-test=Test-2] Sauce_Demo_Mavan:63 - click on LogOut Button
2022-10-02 23:57:56,175  INFO [TestNG-test=Test-1] Sauce_Demo_Mavan:21 - add one product in add to cart
2022-10-02 23:57:56,456  INFO [TestNG-test=Test-1] Sauce_Demo_Mavan:60 - click on Main Menu
2022-10-02 23:57:56,768  INFO [TestNG-test=Test-1] Sauce_Demo_Mavan:63 - click on LogOut Button
2022-10-02 23:57:56,791  INFO [TestNG-test=Test-3] Sauce_Demo_Mavan:20 - Add all products in cart
2022-10-02 23:57:56,938  INFO [TestNG-test=Test-3] Sauce_Demo_Mavan:60 - click on Main Menu
2022-10-02 23:57:57,084  INFO [TestNG-test=Test-3] Sauce_Demo_Mavan:63 - click on LogOut Button
2022-10-02 23:57:57,241  INFO [TestNG-test=Test-2] Sauce_Demo_Mavan:65 - Closed Browser
2022-10-02 23:57:58,045  INFO [TestNG-test=Test-1] Sauce_Demo_Mavan:65 - Closed Browser
2022-10-02 23:57:58,054  INFO [TestNG-test=Test-3] Sauce_Demo_Mavan:65 - Closed Browser
2022-10-02 23:58:01,314  INFO [TestNG-test=Test-2] Sauce_Demo_Mavan:38 - Browser is open
2022-10-02 23:58:04,029  INFO [TestNG-test=Test-3] Sauce_Demo_Mavan:38 - Browser is open
2022-10-02 23:58:04,998  INFO [TestNG-test=Test-1] Sauce_Demo_Mavan:38 - Browser is open
2022-10-02 23:58:10,346  INFO [TestNG-test=Test-2] Sauce_Demo_Mavan:45 - Enter Username
2022-10-02 23:58:10,397  INFO [TestNG-test=Test-1] Sauce_Demo_Mavan:45 - Enter Username
2022-10-02 23:58:10,428  INFO [TestNG-test=Test-3] Sauce_Demo_Mavan:45 - Enter Username
2022-10-02 23:58:10,587  INFO [TestNG-test=Test-2] Sauce_Demo_Mavan:48 - Enter password
2022-10-02 23:58:10,635  INFO [TestNG-test=Test-1] Sauce_Demo_Mavan:48 - Enter password
2022-10-02 23:58:10,690  INFO [TestNG-test=Test-3] Sauce_Demo_Mavan:48 - Enter password
2022-10-02 23:58:10,951  INFO [TestNG-test=Test-2] Sauce_Demo_Mavan:51 - click on Login Button
2022-10-02 23:58:11,005  INFO [TestNG-test=Test-1] Sauce_Demo_Mavan:51 - click on Login Button
2022-10-02 23:58:11,026  INFO [TestNG-test=Test-1] Sauce_Demo_Mavan:17 - Get Actual Title
2022-10-02 23:58:11,076  INFO [TestNG-test=Test-3] Sauce_Demo_Mavan:51 - click on Login Button
2022-10-02 23:58:11,363  INFO [TestNG-test=Test-1] Sauce_Demo_Mavan:60 - click on Main Menu
2022-10-02 23:58:11,479  INFO [TestNG-test=Test-3] Sauce_Demo_Mavan:21 - add one product in add to cart
2022-10-02 23:58:11,651  INFO [TestNG-test=Test-1] Sauce_Demo_Mavan:63 - click on LogOut Button
2022-10-02 23:58:11,819  INFO [TestNG-test=Test-3] Sauce_Demo_Mavan:23 - click on cart button
2022-10-02 23:58:12,125  INFO [TestNG-test=Test-2] Sauce_Demo_Mavan:60 - click on Main Menu
2022-10-02 23:58:12,262  INFO [TestNG-test=Test-2] Sauce_Demo_Mavan:63 - click on LogOut Button
2022-10-02 23:58:12,671  INFO [TestNG-test=Test-1] Sauce_Demo_Mavan:65 - Closed Browser
2022-10-02 23:58:13,154  INFO [TestNG-test=Test-2] Sauce_Demo_Mavan:65 - Closed Browser
2022-10-02 23:58:15,341  INFO [TestNG-test=Test-3] Sauce_Demo_Mavan:38 - Browser is open
2022-10-02 23:58:18,839  INFO [TestNG-test=Test-3] Sauce_Demo_Mavan:45 - Enter Username
2022-10-02 23:58:19,007  INFO [TestNG-test=Test-3] Sauce_Demo_Mavan:48 - Enter password
2022-10-02 23:58:19,227  INFO [TestNG-test=Test-3] Sauce_Demo_Mavan:51 - click on Login Button
2022-10-02 23:58:19,392  INFO [TestNG-test=Test-3] Sauce_Demo_Mavan:19 - add one product in add to cart
2022-10-02 23:58:19,496  INFO [TestNG-test=Test-3] Sauce_Demo_Mavan:22 - click on cart
2022-10-02 23:58:19,616  INFO [TestNG-test=Test-3] Sauce_Demo_Mavan:26 - click on check out button
2022-10-02 23:58:19,782  INFO [TestNG-test=Test-3] Sauce_Demo_Mavan:29 - Enter First name
2022-10-02 23:58:19,906  INFO [TestNG-test=Test-3] Sauce_Demo_Mavan:32 - Enter Last name
2022-10-02 23:58:20,044  INFO [TestNG-test=Test-3] Sauce_Demo_Mavan:35 - Enter Pincode
2022-10-02 23:59:58,955  INFO [TestNG-test=Test-2] Sauce_Demo_Mavan:38 - Browser is open
2022-10-02 23:59:59,355  INFO [TestNG-test=Test-3] Sauce_Demo_Mavan:38 - Browser is open
2022-10-03 00:00:00,080  INFO [TestNG-test=Test-1] Sauce_Demo_Mavan:38 - Browser is open
2022-10-03 00:00:03,932  INFO [TestNG-test=Test-2] Sauce_Demo_Mavan:45 - Enter Username
2022-10-03 00:00:04,098  INFO [TestNG-test=Test-2] Sauce_Demo_Mavan:48 - Enter password
2022-10-03 00:00:04,340  INFO [TestNG-test=Test-2] Sauce_Demo_Mavan:51 - click on Login Button
2022-10-03 00:00:04,421  INFO [TestNG-test=Test-1] Sauce_Demo_Mavan:45 - Enter Username
2022-10-03 00:00:04,717  INFO [TestNG-test=Test-3] Sauce_Demo_Mavan:45 - Enter Username
2022-10-03 00:00:04,717  INFO [TestNG-test=Test-1] Sauce_Demo_Mavan:48 - Enter password
2022-10-03 00:00:04,969  INFO [TestNG-test=Test-3] Sauce_Demo_Mavan:48 - Enter password
2022-10-03 00:00:05,166  INFO [TestNG-test=Test-1] Sauce_Demo_Mavan:51 - click on Login Button
2022-10-03 00:00:05,363  INFO [TestNG-test=Test-3] Sauce_Demo_Mavan:51 - click on Login Button
2022-10-03 00:00:05,595  INFO [TestNG-test=Test-2] Sauce_Demo_Mavan:60 - click on Main Menu
2022-10-03 00:00:05,595  INFO [TestNG-test=Test-1] Sauce_Demo_Mavan:21 - add one product in add to cart
2022-10-03 00:00:05,824  INFO [TestNG-test=Test-2] Sauce_Demo_Mavan:63 - click on LogOut Button
2022-10-03 00:00:06,146  INFO [TestNG-test=Test-1] Sauce_Demo_Mavan:60 - click on Main Menu
2022-10-03 00:00:06,363  INFO [TestNG-test=Test-1] Sauce_Demo_Mavan:63 - click on LogOut Button
2022-10-03 00:00:06,628  INFO [TestNG-test=Test-3] Sauce_Demo_Mavan:20 - Add all products in cart
2022-10-03 00:00:06,805  INFO [TestNG-test=Test-3] Sauce_Demo_Mavan:60 - click on Main Menu
2022-10-03 00:00:06,944  INFO [TestNG-test=Test-3] Sauce_Demo_Mavan:63 - click on LogOut Button
2022-10-03 00:00:07,418  INFO [TestNG-test=Test-2] Sauce_Demo_Mavan:65 - Closed Browser
2022-10-03 00:00:07,418  INFO [TestNG-test=Test-1] Sauce_Demo_Mavan:65 - Closed Browser
2022-10-03 00:00:07,656  INFO [TestNG-test=Test-3] Sauce_Demo_Mavan:65 - Closed Browser
2022-10-03 00:00:13,521  INFO [TestNG-test=Test-2] Sauce_Demo_Mavan:38 - Browser is open
2022-10-03 00:00:13,587  INFO [TestNG-test=Test-1] Sauce_Demo_Mavan:38 - Browser is open
2022-10-03 00:00:14,289  INFO [TestNG-test=Test-3] Sauce_Demo_Mavan:38 - Browser is open
2022-10-03 00:00:18,453  INFO [TestNG-test=Test-1] Sauce_Demo_Mavan:45 - Enter Username
2022-10-03 00:00:18,632  INFO [TestNG-test=Test-1] Sauce_Demo_Mavan:48 - Enter password
2022-10-03 00:00:18,826  INFO [TestNG-test=Test-1] Sauce_Demo_Mavan:51 - click on Login Button
2022-10-03 00:00:19,142  INFO [TestNG-test=Test-1] Sauce_Demo_Mavan:60 - click on Main Menu
2022-10-03 00:00:19,252  INFO [TestNG-test=Test-1] Sauce_Demo_Mavan:63 - click on LogOut Button
2022-10-03 00:00:20,086  INFO [TestNG-test=Test-1] Sauce_Demo_Mavan:65 - Closed Browser
2022-10-03 00:00:21,018  INFO [TestNG-test=Test-2] Sauce_Demo_Mavan:45 - Enter Username
2022-10-03 00:00:21,192  INFO [TestNG-test=Test-3] Sauce_Demo_Mavan:45 - Enter Username
2022-10-03 00:00:21,683  INFO [TestNG-test=Test-2] Sauce_Demo_Mavan:48 - Enter password
2022-10-03 00:00:21,769  INFO [TestNG-test=Test-3] Sauce_Demo_Mavan:48 - Enter password
2022-10-03 00:00:22,079  INFO [TestNG-test=Test-2] Sauce_Demo_Mavan:51 - click on Login Button
2022-10-03 00:00:22,110  INFO [TestNG-test=Test-2] Sauce_Demo_Mavan:17 - Get Actual Title
2022-10-03 00:00:22,244  INFO [TestNG-test=Test-3] Sauce_Demo_Mavan:51 - click on Login Button
2022-10-03 00:00:22,396  INFO [TestNG-test=Test-2] Sauce_Demo_Mavan:60 - click on Main Menu
2022-10-03 00:00:22,546  INFO [TestNG-test=Test-3] Sauce_Demo_Mavan:21 - add one product in add to cart
2022-10-03 00:00:22,563  INFO [TestNG-test=Test-2] Sauce_Demo_Mavan:63 - click on LogOut Button
2022-10-03 00:00:22,993  INFO [TestNG-test=Test-3] Sauce_Demo_Mavan:23 - click on cart button
2022-10-03 00:00:24,630  INFO [TestNG-test=Test-1] Sauce_Demo_Mavan:38 - Browser is open
2022-10-03 00:00:24,985  INFO [TestNG-test=Test-2] Sauce_Demo_Mavan:65 - Closed Browser
2022-10-03 00:00:26,966  INFO [TestNG-test=Test-1] Sauce_Demo_Mavan:45 - Enter Username
2022-10-03 00:00:27,110  INFO [TestNG-test=Test-1] Sauce_Demo_Mavan:48 - Enter password
2022-10-03 00:00:27,284  INFO [TestNG-test=Test-1] Sauce_Demo_Mavan:51 - click on Login Button
2022-10-03 00:00:27,432  INFO [TestNG-test=Test-1] Sauce_Demo_Mavan:19 - add one product in add to cart
2022-10-03 00:00:27,543  INFO [TestNG-test=Test-1] Sauce_Demo_Mavan:22 - click on cart
2022-10-03 00:00:27,664  INFO [TestNG-test=Test-1] Sauce_Demo_Mavan:26 - click on check out button
2022-10-03 00:00:27,805  INFO [TestNG-test=Test-1] Sauce_Demo_Mavan:29 - Enter First name
2022-10-03 00:00:27,942  INFO [TestNG-test=Test-1] Sauce_Demo_Mavan:32 - Enter Last name
2022-10-03 00:00:28,094  INFO [TestNG-test=Test-1] Sauce_Demo_Mavan:35 - Enter Pincode
2022-10-03 00:08:21,552  INFO [TestNG-test=Test-1] Sauce_Demo_Mavan:38 - Browser is open
2022-10-03 00:08:22,280  INFO [TestNG-test=Test-3] Sauce_Demo_Mavan:38 - Browser is open
2022-10-03 00:08:23,494  INFO [TestNG-test=Test-2] Sauce_Demo_Mavan:38 - Browser is open
2022-10-03 00:08:24,460  INFO [TestNG-test=Test-1] Sauce_Demo_Mavan:45 - Enter Username
2022-10-03 00:08:24,748  INFO [TestNG-test=Test-1] Sauce_Demo_Mavan:48 - Enter password
2022-10-03 00:08:25,094  INFO [TestNG-test=Test-1] Sauce_Demo_Mavan:51 - click on Login Button
2022-10-03 00:08:25,215  INFO [TestNG-test=Test-3] Sauce_Demo_Mavan:45 - Enter Username
2022-10-03 00:08:25,487  INFO [TestNG-test=Test-3] Sauce_Demo_Mavan:48 - Enter password
2022-10-03 00:08:25,673  INFO [TestNG-test=Test-1] Sauce_Demo_Mavan:21 - add one product in add to cart
2022-10-03 00:08:25,782  INFO [TestNG-test=Test-2] Sauce_Demo_Mavan:45 - Enter Username
2022-10-03 00:08:25,800  INFO [TestNG-test=Test-3] Sauce_Demo_Mavan:51 - click on Login Button
2022-10-03 00:08:26,235  INFO [TestNG-test=Test-2] Sauce_Demo_Mavan:48 - Enter password
2022-10-03 00:08:26,705  INFO [TestNG-test=Test-2] Sauce_Demo_Mavan:51 - click on Login Button
2022-10-03 00:08:27,238  INFO [TestNG-test=Test-3] Sauce_Demo_Mavan:20 - Add all products in cart
2022-10-03 00:08:27,382  INFO [TestNG-test=Test-1] Sauce_Demo_Mavan:26 - apply validation
2022-10-03 00:08:27,732  INFO [TestNG-test=Test-3] Sauce_Demo_Mavan:26 - Apply validation
2022-10-03 00:08:27,862  INFO [TestNG-test=Test-1] Sauce_Demo_Mavan:60 - click on Main Menu
2022-10-03 00:08:27,992  INFO [TestNG-test=Test-3] Sauce_Demo_Mavan:60 - click on Main Menu
2022-10-03 00:08:28,264  INFO [TestNG-test=Test-3] Sauce_Demo_Mavan:63 - click on LogOut Button
2022-10-03 00:08:28,973  INFO [TestNG-test=Test-1] Sauce_Demo_Mavan:63 - click on LogOut Button
2022-10-03 00:08:29,362  INFO [TestNG-test=Test-2] Sauce_Demo_Mavan:20 - click on filter button
2022-10-03 00:08:29,521  INFO [TestNG-test=Test-2] Sauce_Demo_Mavan:60 - click on Main Menu
2022-10-03 00:08:29,644  INFO [TestNG-test=Test-2] Sauce_Demo_Mavan:63 - click on LogOut Button
2022-10-03 00:08:29,946  INFO [TestNG-test=Test-3] Sauce_Demo_Mavan:65 - Closed Browser
2022-10-03 00:08:30,370  INFO [TestNG-test=Test-1] Sauce_Demo_Mavan:65 - Closed Browser
2022-10-03 00:08:30,467  INFO [TestNG-test=Test-2] Sauce_Demo_Mavan:65 - Closed Browser
2022-10-03 00:08:35,719  INFO [TestNG-test=Test-2] Sauce_Demo_Mavan:38 - Browser is open
2022-10-03 00:08:35,907  INFO [TestNG-test=Test-3] Sauce_Demo_Mavan:38 - Browser is open
2022-10-03 00:08:36,078  INFO [TestNG-test=Test-1] Sauce_Demo_Mavan:38 - Browser is open
2022-10-03 00:08:37,287  INFO [TestNG-test=Test-1] Sauce_Demo_Mavan:45 - Enter Username
2022-10-03 00:08:37,629  INFO [TestNG-test=Test-1] Sauce_Demo_Mavan:48 - Enter password
2022-10-03 00:08:38,046  INFO [TestNG-test=Test-1] Sauce_Demo_Mavan:51 - click on Login Button
2022-10-03 00:08:38,120  INFO [TestNG-test=Test-1] Sauce_Demo_Mavan:17 - Get Actual Title
2022-10-03 00:08:38,236  INFO [TestNG-test=Test-2] Sauce_Demo_Mavan:45 - Enter Username
2022-10-03 00:08:38,572  INFO [TestNG-test=Test-2] Sauce_Demo_Mavan:48 - Enter password
2022-10-03 00:08:38,914  INFO [TestNG-test=Test-3] Sauce_Demo_Mavan:45 - Enter Username
2022-10-03 00:08:38,979  INFO [TestNG-test=Test-2] Sauce_Demo_Mavan:51 - click on Login Button
2022-10-03 00:08:39,193  INFO [TestNG-test=Test-1] Sauce_Demo_Mavan:60 - click on Main Menu
2022-10-03 00:08:39,305  INFO [TestNG-test=Test-2] Sauce_Demo_Mavan:21 - add one product in add to cart
2022-10-03 00:08:39,312  INFO [TestNG-test=Test-3] Sauce_Demo_Mavan:48 - Enter password
2022-10-03 00:08:39,626  INFO [TestNG-test=Test-1] Sauce_Demo_Mavan:63 - click on LogOut Button
2022-10-03 00:08:39,674  INFO [TestNG-test=Test-2] Sauce_Demo_Mavan:23 - click on cart button
2022-10-03 00:08:39,789  INFO [TestNG-test=Test-3] Sauce_Demo_Mavan:51 - click on Login Button
2022-10-03 00:08:40,293  INFO [TestNG-test=Test-2] Sauce_Demo_Mavan:26 - click on remove product from cart
2022-10-03 00:08:40,355  INFO [TestNG-test=Test-3] Sauce_Demo_Mavan:21 - add one product in add to cart
2022-10-03 00:08:40,496  INFO [TestNG-test=Test-2] Sauce_Demo_Mavan:30 - click on continue shopping
2022-10-03 00:08:40,728  INFO [TestNG-test=Test-1] Sauce_Demo_Mavan:65 - Closed Browser
2022-10-03 00:08:40,967  INFO [TestNG-test=Test-3] Sauce_Demo_Mavan:24 - click on cart
2022-10-03 00:08:41,172  INFO [TestNG-test=Test-3] Sauce_Demo_Mavan:28 - click on check out button
2022-10-03 00:08:41,239  INFO [TestNG-test=Test-2] Sauce_Demo_Mavan:33 - Get the title of page
2022-10-03 00:08:41,239  INFO [TestNG-test=Test-2] Sauce_Demo_Mavan:35 - Apply the validation
2022-10-03 00:08:41,547  INFO [TestNG-test=Test-3] Sauce_Demo_Mavan:31 - Enter First name
2022-10-03 00:08:41,733  INFO [TestNG-test=Test-3] Sauce_Demo_Mavan:34 - Enter Last name
2022-10-03 00:08:41,741  INFO [TestNG-test=Test-2] Sauce_Demo_Mavan:39 - Apply the vALIDATION
2022-10-03 00:08:42,170  INFO [TestNG-test=Test-3] Sauce_Demo_Mavan:37 - Enter Pincode
2022-10-03 00:08:43,264  INFO [TestNG-test=Test-3] Sauce_Demo_Mavan:40 - continue checkout
2022-10-03 00:08:43,510  INFO [TestNG-test=Test-2] Sauce_Demo_Mavan:60 - click on Main Menu
2022-10-03 00:08:43,607  INFO [TestNG-test=Test-3] Sauce_Demo_Mavan:43 - click on finish check out
2022-10-03 00:08:43,721  INFO [TestNG-test=Test-2] Sauce_Demo_Mavan:63 - click on LogOut Button
2022-10-03 00:08:45,168  INFO [TestNG-test=Test-1] Sauce_Demo_Mavan:38 - Browser is open
2022-10-03 00:08:45,620  INFO [TestNG-test=Test-3] Sauce_Demo_Mavan:46 - back to home page
2022-10-03 00:08:45,643  INFO [TestNG-test=Test-3] Sauce_Demo_Mavan:51 - Apply validation
2022-10-03 00:08:45,880  INFO [TestNG-test=Test-3] Sauce_Demo_Mavan:60 - click on Main Menu
2022-10-03 00:08:46,027  INFO [TestNG-test=Test-3] Sauce_Demo_Mavan:63 - click on LogOut Button
2022-10-03 00:08:46,290  INFO [TestNG-test=Test-2] Sauce_Demo_Mavan:65 - Closed Browser
2022-10-03 00:08:46,944  INFO [TestNG-test=Test-1] Sauce_Demo_Mavan:45 - Enter Username
2022-10-03 00:08:47,129  INFO [TestNG-test=Test-1] Sauce_Demo_Mavan:48 - Enter password
2022-10-03 00:08:47,295  INFO [TestNG-test=Test-1] Sauce_Demo_Mavan:51 - click on Login Button
2022-10-03 00:08:47,449  INFO [TestNG-test=Test-1] Sauce_Demo_Mavan:19 - add one product in add to cart
2022-10-03 00:08:47,620  INFO [TestNG-test=Test-3] Sauce_Demo_Mavan:65 - Closed Browser
2022-10-03 00:08:47,807  INFO [TestNG-test=Test-1] Sauce_Demo_Mavan:22 - click on cart
2022-10-03 00:08:47,926  INFO [TestNG-test=Test-1] Sauce_Demo_Mavan:26 - click on check out button
2022-10-03 00:08:48,067  INFO [TestNG-test=Test-1] Sauce_Demo_Mavan:29 - Enter First name
2022-10-03 00:08:48,196  INFO [TestNG-test=Test-1] Sauce_Demo_Mavan:32 - Enter Last name
2022-10-03 00:08:48,332  INFO [TestNG-test=Test-1] Sauce_Demo_Mavan:35 - Enter Pincode
2022-10-03 00:08:48,672  INFO [TestNG-test=Test-1] Sauce_Demo_Mavan:38 - continue checkout
2022-10-03 00:08:49,129  INFO [TestNG-test=Test-1] Sauce_Demo_Mavan:41 - cancle checkout overview info
2022-10-03 00:08:49,804  INFO [TestNG-test=Test-1] Sauce_Demo_Mavan:60 - click on Main Menu
2022-10-03 00:10:41,885  INFO [TestNG-test=Test-2] Sauce_Demo_Mavan:38 - Browser is open
2022-10-03 00:10:41,993  INFO [TestNG-test=Test-1] Sauce_Demo_Mavan:38 - Browser is open
2022-10-03 00:10:43,157  INFO [TestNG-test=Test-3] Sauce_Demo_Mavan:38 - Browser is open
2022-10-03 00:10:45,546  INFO [TestNG-test=Test-1] Sauce_Demo_Mavan:45 - Enter Username
2022-10-03 00:10:45,800  INFO [TestNG-test=Test-1] Sauce_Demo_Mavan:48 - Enter password
2022-10-03 00:10:46,186  INFO [TestNG-test=Test-1] Sauce_Demo_Mavan:51 - click on Login Button
2022-10-03 00:10:46,516  INFO [TestNG-test=Test-2] Sauce_Demo_Mavan:45 - Enter Username
2022-10-03 00:10:46,561  INFO [TestNG-test=Test-3] Sauce_Demo_Mavan:45 - Enter Username
2022-10-03 00:10:46,602  INFO [TestNG-test=Test-1] Sauce_Demo_Mavan:21 - add one product in add to cart
2022-10-03 00:10:46,825  INFO [TestNG-test=Test-2] Sauce_Demo_Mavan:48 - Enter password
2022-10-03 00:10:46,857  INFO [TestNG-test=Test-3] Sauce_Demo_Mavan:48 - Enter password
2022-10-03 00:10:47,153  INFO [TestNG-test=Test-1] Sauce_Demo_Mavan:26 - apply validation
2022-10-03 00:10:47,201  INFO [TestNG-test=Test-3] Sauce_Demo_Mavan:51 - click on Login Button
2022-10-03 00:10:47,240  INFO [TestNG-test=Test-2] Sauce_Demo_Mavan:51 - click on Login Button
2022-10-03 00:10:47,594  INFO [TestNG-test=Test-1] Sauce_Demo_Mavan:60 - click on Main Menu
2022-10-03 00:10:47,807  INFO [TestNG-test=Test-1] Sauce_Demo_Mavan:63 - click on LogOut Button
2022-10-03 00:10:48,164  INFO [TestNG-test=Test-3] Sauce_Demo_Mavan:20 - Add all products in cart
2022-10-03 00:10:48,301  INFO [TestNG-test=Test-2] Sauce_Demo_Mavan:20 - click on filter button
2022-10-03 00:10:48,520  INFO [TestNG-test=Test-2] Sauce_Demo_Mavan:60 - click on Main Menu
2022-10-03 00:10:48,584  INFO [TestNG-test=Test-3] Sauce_Demo_Mavan:26 - Apply validation
2022-10-03 00:10:48,871  INFO [TestNG-test=Test-2] Sauce_Demo_Mavan:63 - click on LogOut Button
2022-10-03 00:10:48,920  INFO [TestNG-test=Test-1] Sauce_Demo_Mavan:65 - Closed Browser
2022-10-03 00:10:49,019  INFO [TestNG-test=Test-3] Sauce_Demo_Mavan:60 - click on Main Menu
2022-10-03 00:10:49,289  INFO [TestNG-test=Test-3] Sauce_Demo_Mavan:63 - click on LogOut Button
2022-10-03 00:10:50,439  INFO [TestNG-test=Test-2] Sauce_Demo_Mavan:65 - Closed Browser
2022-10-03 00:10:50,510  INFO [TestNG-test=Test-3] Sauce_Demo_Mavan:65 - Closed Browser
2022-10-03 00:10:53,547  INFO [TestNG-test=Test-1] Sauce_Demo_Mavan:38 - Browser is open
2022-10-03 00:10:55,103  INFO [TestNG-test=Test-2] Sauce_Demo_Mavan:38 - Browser is open
2022-10-03 00:10:56,740  INFO [TestNG-test=Test-1] Sauce_Demo_Mavan:45 - Enter Username
2022-10-03 00:10:56,929  INFO [TestNG-test=Test-3] Sauce_Demo_Mavan:38 - Browser is open
2022-10-03 00:10:57,074  INFO [TestNG-test=Test-1] Sauce_Demo_Mavan:48 - Enter password
2022-10-03 00:10:57,394  INFO [TestNG-test=Test-1] Sauce_Demo_Mavan:51 - click on Login Button
2022-10-03 00:10:58,026  INFO [TestNG-test=Test-1] Sauce_Demo_Mavan:21 - add one product in add to cart
2022-10-03 00:10:58,194  INFO [TestNG-test=Test-1] Sauce_Demo_Mavan:24 - click on cart
2022-10-03 00:10:58,354  INFO [TestNG-test=Test-1] Sauce_Demo_Mavan:28 - click on check out button
2022-10-03 00:10:58,425  INFO [TestNG-test=Test-2] Sauce_Demo_Mavan:45 - Enter Username
2022-10-03 00:10:58,575  INFO [TestNG-test=Test-1] Sauce_Demo_Mavan:31 - Enter First name
2022-10-03 00:10:58,663  INFO [TestNG-test=Test-2] Sauce_Demo_Mavan:48 - Enter password
2022-10-03 00:10:58,774  INFO [TestNG-test=Test-1] Sauce_Demo_Mavan:34 - Enter Last name
2022-10-03 00:10:59,000  INFO [TestNG-test=Test-2] Sauce_Demo_Mavan:51 - click on Login Button
2022-10-03 00:10:59,025  INFO [TestNG-test=Test-1] Sauce_Demo_Mavan:37 - Enter Pincode
2022-10-03 00:10:59,029  INFO [TestNG-test=Test-2] Sauce_Demo_Mavan:17 - Get Actual Title
2022-10-03 00:10:59,529  INFO [TestNG-test=Test-3] Sauce_Demo_Mavan:45 - Enter Username
2022-10-03 00:10:59,558  INFO [TestNG-test=Test-1] Sauce_Demo_Mavan:40 - continue checkout
2022-10-03 00:10:59,571  INFO [TestNG-test=Test-2] Sauce_Demo_Mavan:60 - click on Main Menu
2022-10-03 00:10:59,751  INFO [TestNG-test=Test-1] Sauce_Demo_Mavan:43 - click on finish check out
2022-10-03 00:10:59,860  INFO [TestNG-test=Test-3] Sauce_Demo_Mavan:48 - Enter password
2022-10-03 00:11:00,059  INFO [TestNG-test=Test-2] Sauce_Demo_Mavan:63 - click on LogOut Button
2022-10-03 00:11:00,217  INFO [TestNG-test=Test-3] Sauce_Demo_Mavan:51 - click on Login Button
2022-10-03 00:11:00,468  INFO [TestNG-test=Test-3] Sauce_Demo_Mavan:21 - add one product in add to cart
2022-10-03 00:11:00,670  INFO [TestNG-test=Test-3] Sauce_Demo_Mavan:23 - click on cart button
2022-10-03 00:11:01,102  INFO [TestNG-test=Test-3] Sauce_Demo_Mavan:26 - click on remove product from cart
2022-10-03 00:11:01,320  INFO [TestNG-test=Test-3] Sauce_Demo_Mavan:30 - click on continue shopping
2022-10-03 00:11:01,386  INFO [TestNG-test=Test-2] Sauce_Demo_Mavan:65 - Closed Browser
2022-10-03 00:11:01,604  INFO [TestNG-test=Test-1] Sauce_Demo_Mavan:46 - back to home page
2022-10-03 00:11:01,613  INFO [TestNG-test=Test-1] Sauce_Demo_Mavan:51 - Apply validation
2022-10-03 00:11:01,684  INFO [TestNG-test=Test-3] Sauce_Demo_Mavan:33 - Get the title of page
2022-10-03 00:11:01,685  INFO [TestNG-test=Test-3] Sauce_Demo_Mavan:35 - Apply the validation
2022-10-03 00:11:01,739  INFO [TestNG-test=Test-3] Sauce_Demo_Mavan:39 - Apply the vALIDATION
2022-10-03 00:11:02,199  INFO [TestNG-test=Test-1] Sauce_Demo_Mavan:60 - click on Main Menu
2022-10-03 00:11:02,409  INFO [TestNG-test=Test-1] Sauce_Demo_Mavan:63 - click on LogOut Button
2022-10-03 00:11:02,971  INFO [TestNG-test=Test-3] Sauce_Demo_Mavan:60 - click on Main Menu
2022-10-03 00:11:03,681  INFO [TestNG-test=Test-3] Sauce_Demo_Mavan:63 - click on LogOut Button
2022-10-03 00:11:04,582  INFO [TestNG-test=Test-3] Sauce_Demo_Mavan:65 - Closed Browser
2022-10-03 00:11:05,703  INFO [TestNG-test=Test-2] Sauce_Demo_Mavan:38 - Browser is open
2022-10-03 00:11:06,563  INFO [TestNG-test=Test-1] Sauce_Demo_Mavan:65 - Closed Browser
2022-10-03 00:11:07,175  INFO [TestNG-test=Test-2] Sauce_Demo_Mavan:45 - Enter Username
2022-10-03 00:11:07,308  INFO [TestNG-test=Test-2] Sauce_Demo_Mavan:48 - Enter password
2022-10-03 00:11:07,479  INFO [TestNG-test=Test-2] Sauce_Demo_Mavan:51 - click on Login Button
2022-10-03 00:11:07,629  INFO [TestNG-test=Test-2] Sauce_Demo_Mavan:19 - add one product in add to cart
2022-10-03 00:11:07,761  INFO [TestNG-test=Test-2] Sauce_Demo_Mavan:22 - click on cart
2022-10-03 00:11:07,872  INFO [TestNG-test=Test-2] Sauce_Demo_Mavan:26 - click on check out button
2022-10-03 00:11:08,018  INFO [TestNG-test=Test-2] Sauce_Demo_Mavan:29 - Enter First name
2022-10-03 00:11:08,173  INFO [TestNG-test=Test-2] Sauce_Demo_Mavan:32 - Enter Last name
2022-10-03 00:11:08,316  INFO [TestNG-test=Test-2] Sauce_Demo_Mavan:35 - Enter Pincode
2022-10-03 00:11:08,637  INFO [TestNG-test=Test-2] Sauce_Demo_Mavan:38 - continue checkout
2022-10-03 00:11:08,751  INFO [TestNG-test=Test-2] Sauce_Demo_Mavan:41 - cancle checkout overview info
2022-10-03 00:11:09,441  INFO [TestNG-test=Test-2] Sauce_Demo_Mavan:60 - click on Main Menu
2022-10-03 00:14:32,976  INFO [TestNG-test=Test-3] Sauce_Demo_Mavan:38 - Browser is open
2022-10-03 00:14:33,620  INFO [TestNG-test=Test-1] Sauce_Demo_Mavan:38 - Browser is open
2022-10-03 00:14:34,206  INFO [TestNG-test=Test-2] Sauce_Demo_Mavan:38 - Browser is open
2022-10-03 00:14:36,130  INFO [TestNG-test=Test-1] Sauce_Demo_Mavan:45 - Enter Username
2022-10-03 00:14:36,372  INFO [TestNG-test=Test-1] Sauce_Demo_Mavan:48 - Enter password
2022-10-03 00:14:36,673  INFO [TestNG-test=Test-3] Sauce_Demo_Mavan:45 - Enter Username
2022-10-03 00:14:36,702  INFO [TestNG-test=Test-1] Sauce_Demo_Mavan:51 - click on Login Button
2022-10-03 00:14:36,998  INFO [TestNG-test=Test-3] Sauce_Demo_Mavan:48 - Enter password
2022-10-03 00:14:37,072  INFO [TestNG-test=Test-1] Sauce_Demo_Mavan:21 - add one product in add to cart
2022-10-03 00:14:37,333  INFO [TestNG-test=Test-2] Sauce_Demo_Mavan:45 - Enter Username
2022-10-03 00:14:37,371  INFO [TestNG-test=Test-3] Sauce_Demo_Mavan:51 - click on Login Button
2022-10-03 00:14:37,721  INFO [TestNG-test=Test-2] Sauce_Demo_Mavan:48 - Enter password
2022-10-03 00:14:37,862  INFO [TestNG-test=Test-1] Sauce_Demo_Mavan:26 - apply validation
2022-10-03 00:14:38,243  INFO [TestNG-test=Test-2] Sauce_Demo_Mavan:51 - click on Login Button
2022-10-03 00:14:38,277  INFO [TestNG-test=Test-3] Sauce_Demo_Mavan:20 - Add all products in cart
2022-10-03 00:14:39,311  INFO [TestNG-test=Test-3] Sauce_Demo_Mavan:26 - Apply validation
2022-10-03 00:14:39,937  INFO [TestNG-test=Test-1] Sauce_Demo_Mavan:60 - click on Main Menu
2022-10-03 00:14:40,598  INFO [TestNG-test=Test-2] Sauce_Demo_Mavan:20 - click on filter button
2022-10-03 00:14:40,808  INFO [TestNG-test=Test-3] Sauce_Demo_Mavan:60 - click on Main Menu
2022-10-03 00:14:41,365  INFO [TestNG-test=Test-3] Sauce_Demo_Mavan:63 - click on LogOut Button
2022-10-03 00:14:41,380  INFO [TestNG-test=Test-2] Sauce_Demo_Mavan:60 - click on Main Menu
2022-10-03 00:14:41,799  INFO [TestNG-test=Test-2] Sauce_Demo_Mavan:63 - click on LogOut Button
2022-10-03 00:14:42,134  INFO [TestNG-test=Test-1] Sauce_Demo_Mavan:63 - click on LogOut Button
2022-10-03 00:14:51,351  INFO [TestNG-test=Test-3] Sauce_Demo_Mavan:65 - Closed Browser
2022-10-03 00:14:52,471  INFO [TestNG-test=Test-2] Sauce_Demo_Mavan:65 - Closed Browser
2022-10-03 00:14:52,494  INFO [TestNG-test=Test-1] Sauce_Demo_Mavan:65 - Closed Browser
2022-10-03 00:14:56,933  INFO [TestNG-test=Test-3] Sauce_Demo_Mavan:38 - Browser is open
2022-10-03 00:14:57,616  INFO [TestNG-test=Test-1] Sauce_Demo_Mavan:38 - Browser is open
2022-10-03 00:14:58,430  INFO [TestNG-test=Test-2] Sauce_Demo_Mavan:38 - Browser is open
2022-10-03 00:15:00,854  INFO [TestNG-test=Test-3] Sauce_Demo_Mavan:45 - Enter Username
2022-10-03 00:15:01,217  INFO [TestNG-test=Test-3] Sauce_Demo_Mavan:48 - Enter password
2022-10-03 00:15:01,486  INFO [TestNG-test=Test-1] Sauce_Demo_Mavan:45 - Enter Username
2022-10-03 00:15:01,553  INFO [TestNG-test=Test-3] Sauce_Demo_Mavan:51 - click on Login Button
2022-10-03 00:15:01,773  INFO [TestNG-test=Test-1] Sauce_Demo_Mavan:48 - Enter password
2022-10-03 00:15:02,049  INFO [TestNG-test=Test-1] Sauce_Demo_Mavan:51 - click on Login Button
2022-10-03 00:15:02,263  INFO [TestNG-test=Test-1] Sauce_Demo_Mavan:21 - add one product in add to cart
2022-10-03 00:15:02,289  INFO [TestNG-test=Test-3] Sauce_Demo_Mavan:21 - add one product in add to cart
2022-10-03 00:15:02,449  INFO [TestNG-test=Test-1] Sauce_Demo_Mavan:23 - click on cart button
2022-10-03 00:15:02,619  INFO [TestNG-test=Test-3] Sauce_Demo_Mavan:24 - click on cart
2022-10-03 00:15:02,873  INFO [TestNG-test=Test-3] Sauce_Demo_Mavan:28 - click on check out button
2022-10-03 00:15:02,971  INFO [TestNG-test=Test-1] Sauce_Demo_Mavan:26 - click on remove product from cart
2022-10-03 00:15:03,142  INFO [TestNG-test=Test-3] Sauce_Demo_Mavan:31 - Enter First name
2022-10-03 00:15:03,195  INFO [TestNG-test=Test-1] Sauce_Demo_Mavan:30 - click on continue shopping
2022-10-03 00:15:03,392  INFO [TestNG-test=Test-2] Sauce_Demo_Mavan:45 - Enter Username
2022-10-03 00:15:03,424  INFO [TestNG-test=Test-3] Sauce_Demo_Mavan:34 - Enter Last name
2022-10-03 00:15:03,465  INFO [TestNG-test=Test-1] Sauce_Demo_Mavan:33 - Get the title of page
2022-10-03 00:15:03,466  INFO [TestNG-test=Test-1] Sauce_Demo_Mavan:35 - Apply the validation
2022-10-03 00:15:03,527  INFO [TestNG-test=Test-1] Sauce_Demo_Mavan:39 - Apply the vALIDATION
2022-10-03 00:15:03,650  INFO [TestNG-test=Test-2] Sauce_Demo_Mavan:48 - Enter password
2022-10-03 00:15:03,665  INFO [TestNG-test=Test-3] Sauce_Demo_Mavan:37 - Enter Pincode
2022-10-03 00:15:04,036  INFO [TestNG-test=Test-2] Sauce_Demo_Mavan:51 - click on Login Button
2022-10-03 00:15:04,103  INFO [TestNG-test=Test-2] Sauce_Demo_Mavan:17 - Get Actual Title
2022-10-03 00:15:04,271  INFO [TestNG-test=Test-3] Sauce_Demo_Mavan:40 - continue checkout
2022-10-03 00:15:04,417  INFO [TestNG-test=Test-1] Sauce_Demo_Mavan:60 - click on Main Menu
2022-10-03 00:15:04,560  INFO [TestNG-test=Test-3] Sauce_Demo_Mavan:43 - click on finish check out
2022-10-03 00:15:04,774  INFO [TestNG-test=Test-2] Sauce_Demo_Mavan:60 - click on Main Menu
2022-10-03 00:15:04,918  INFO [TestNG-test=Test-2] Sauce_Demo_Mavan:63 - click on LogOut Button
2022-10-03 00:15:05,554  INFO [TestNG-test=Test-1] Sauce_Demo_Mavan:63 - click on LogOut Button
2022-10-03 00:15:05,990  INFO [TestNG-test=Test-3] Sauce_Demo_Mavan:46 - back to home page
2022-10-03 00:15:05,999  INFO [TestNG-test=Test-3] Sauce_Demo_Mavan:51 - Apply validation
2022-10-03 00:15:06,162  INFO [TestNG-test=Test-3] Sauce_Demo_Mavan:60 - click on Main Menu
2022-10-03 00:15:06,266  INFO [TestNG-test=Test-3] Sauce_Demo_Mavan:63 - click on LogOut Button
2022-10-03 00:15:06,437  INFO [TestNG-test=Test-1] Sauce_Demo_Mavan:65 - Closed Browser
2022-10-03 00:15:06,456  INFO [TestNG-test=Test-2] Sauce_Demo_Mavan:65 - Closed Browser
2022-10-03 00:15:07,029  INFO [TestNG-test=Test-3] Sauce_Demo_Mavan:65 - Closed Browser
2022-10-03 00:15:09,947  INFO [TestNG-test=Test-1] Sauce_Demo_Mavan:38 - Browser is open
2022-10-03 00:15:12,103  INFO [TestNG-test=Test-1] Sauce_Demo_Mavan:45 - Enter Username
2022-10-03 00:15:12,234  INFO [TestNG-test=Test-1] Sauce_Demo_Mavan:48 - Enter password
2022-10-03 00:15:12,414  INFO [TestNG-test=Test-1] Sauce_Demo_Mavan:51 - click on Login Button
2022-10-03 00:15:12,606  INFO [TestNG-test=Test-1] Sauce_Demo_Mavan:19 - add one product in add to cart
2022-10-03 00:15:12,710  INFO [TestNG-test=Test-1] Sauce_Demo_Mavan:22 - click on cart
2022-10-03 00:15:12,820  INFO [TestNG-test=Test-1] Sauce_Demo_Mavan:26 - click on check out button
2022-10-03 00:15:12,964  INFO [TestNG-test=Test-1] Sauce_Demo_Mavan:29 - Enter First name
2022-10-03 00:15:13,094  INFO [TestNG-test=Test-1] Sauce_Demo_Mavan:32 - Enter Last name
2022-10-03 00:15:13,233  INFO [TestNG-test=Test-1] Sauce_Demo_Mavan:35 - Enter Pincode
2022-10-03 00:15:13,572  INFO [TestNG-test=Test-1] Sauce_Demo_Mavan:38 - continue checkout
2022-10-03 00:15:13,686  INFO [TestNG-test=Test-1] Sauce_Demo_Mavan:41 - cancle checkout overview info
2022-10-03 00:15:14,245  INFO [TestNG-test=Test-1] Sauce_Demo_Mavan:60 - click on Main Menu
2022-10-03 00:15:14,345  INFO [TestNG-test=Test-1] Sauce_Demo_Mavan:63 - click on LogOut Button
2022-10-03 00:15:15,145  INFO [TestNG-test=Test-1] Sauce_Demo_Mavan:65 - Closed Browser
